<?xml version="1.0" encoding="UTF-8" ?>
<testsuites>
  <testsuite errors="0" failures="0" hostname="Raj.local" id="0" name="MessagePayloadTest" package="com.googlecode.jsendnsca.core" tests="11" time="0.115" timestamp="2009-01-20T13:19:56">
      <properties>
[...]
</properties>

      <testcase classname="com.googlecode.jsendnsca.core.MessagePayloadTest" name="shouldThrowIllegalArgumentExceptionOnEmptyServiceName" time="0.012" />

      <testcase classname="com.googlecode.jsendnsca.core.MessagePayloadTest" name="shouldConstructValidObjectWhenUsingNoArgConstructor" time="0.0" />

      <testcase classname="com.googlecode.jsendnsca.core.MessagePayloadTest" name="shouldThrowIllegalArgumentExceptionOnEmptyHostName" time="0.0010" />

      <testcase classname="com.googlecode.jsendnsca.core.MessagePayloadTest" name="shouldAllowEmptyMessageToBeSet" time="0.0010" />

      <testcase classname="com.googlecode.jsendnsca.core.MessagePayloadTest" name="shouldConstructNewMessagePayload" time="0.0" />

      <testcase classname="com.googlecode.jsendnsca.core.MessagePayloadTest" name="shouldThrowExceptionOnConstructingNewMessagePayloadWithNullHostname" time="0.0" />

      <testcase classname="com.googlecode.jsendnsca.core.MessagePayloadTest" name="shouldConvertStringLevelsToIntegerWhileIgnoringCase" time="0.0010" />

      <testcase classname="com.googlecode.jsendnsca.core.MessagePayloadTest" name="shouldThrowIllegalArgumentExceptionIfStringLevelIsNotRecognised" time="0.0010" />

      <testcase classname="com.googlecode.jsendnsca.core.MessagePayloadTest" name="shouldThrowIllegalArgumentExceptionIfStringLevelIsNull" time="0.0" />

      <testcase classname="com.googlecode.jsendnsca.core.MessagePayloadTest" name="shouldThrowIllegalArgumentExceptionForInvalidLevel" time="0.0010" />

      <testcase classname="com.googlecode.jsendnsca.core.MessagePayloadTest" name="shouldDetermineShortHostnameCorrectly" time="0.019" />

      <system-out />

      <system-err />

  </testsuite>
  <testsuite errors="0" failures="0" hostname="Raj.local" id="1" name="NagiosPassiveCheckSenderTest" package="com.googlecode.jsendnsca.core" tests="5" time="3.11" timestamp="2009-01-20T13:19:57">
      <properties>
[...]
</properties>

      <testcase classname="com.googlecode.jsendnsca.core.NagiosPassiveCheckSenderTest" name="shouldThrowIllegalArgExceptionOnConstructingSenderWithNullNagiosSettings" time="0.015" />

      <testcase classname="com.googlecode.jsendnsca.core.NagiosPassiveCheckSenderTest" name="shouldThrowIllegalArgExceptionOnSendingWithNullMessagePayload" time="0.0010" />

      <testcase classname="com.googlecode.jsendnsca.core.NagiosPassiveCheckSenderTest" name="shouldThrowUnknownHostExceptionOnUnknownHost" time="0.0060" />

      <testcase classname="com.googlecode.jsendnsca.core.NagiosPassiveCheckSenderTest" name="sendPassiveAlert" time="1.02" />

      <testcase classname="com.googlecode.jsendnsca.core.NagiosPassiveCheckSenderTest" name="shouldTimeoutWhenSendingPassiveCheck" time="2.003" />

      <system-out />

      <system-err />

  </testsuite>
  <testsuite errors="0" failures="0" hostname="Raj.local" id="2" name="NagiosSettingsTest" package="com.googlecode.jsendnsca.core" tests="4" time="0.081" timestamp="2009-01-20T13:20:02">
      <properties>
[...]
</properties>

      <testcase classname="com.googlecode.jsendnsca.core.NagiosSettingsTest" name="shouldThrowIllegalArgumentExceptionWhenSettingHostnameToEmptyString" time="0.013" />

      <testcase classname="com.googlecode.jsendnsca.core.NagiosSettingsTest" name="shouldThrowIllegalArgumentExceptionWhenSettingPasswordToEmptyString" time="0.0" />

      <testcase classname="com.googlecode.jsendnsca.core.NagiosSettingsTest" name="shouldOnlySupportXORorNoEncryption" time="0.0010" />

      <testcase classname="com.googlecode.jsendnsca.core.NagiosSettingsTest" name="shouldSupportXORorNoEncryption" time="0.0010" />

      <system-out />

      <system-err />

  </testsuite>
  <testsuite errors="0" failures="0" hostname="Raj.local" id="3" name="ByteArrayUtilsTest" package="com.googlecode.jsendnsca.core.utils" tests="6" time="0.083" timestamp="2009-01-20T13:20:03">
      <properties>
[...]
</properties>

      <testcase classname="com.googlecode.jsendnsca.core.utils.ByteArrayUtilsTest" name="shouldWriteShortToByteArray" time="0.014" />

      <testcase classname="com.googlecode.jsendnsca.core.utils.ByteArrayUtilsTest" name="shouldWriteIntegerToByteArray" time="0.0" />

      <testcase classname="com.googlecode.jsendnsca.core.utils.ByteArrayUtilsTest" name="shouldReturnFixedSizeByteArrayForString" time="0.0010" />

      <testcase classname="com.googlecode.jsendnsca.core.utils.ByteArrayUtilsTest" name="shouldReturnNullByteArrayIfPassedANullString" time="0.0010" />

      <testcase classname="com.googlecode.jsendnsca.core.utils.ByteArrayUtilsTest" name="shouldReturnByteArrayOf5InSizeIfPassedEmptyString" time="0.0" />

      <testcase classname="com.googlecode.jsendnsca.core.utils.ByteArrayUtilsTest" name="shouldTruncateStringIntoFixedSizeByteArrayAndWriteItToDestinationByteArray" time="0.0" />

      <system-out />

      <system-err />

  </testsuite>
  <testsuite errors="0" failures="0" hostname="Raj.local" id="4" name="EncryptionUtilsTest" package="com.googlecode.jsendnsca.core.utils" tests="1" time="0.074" timestamp="2009-01-20T13:20:05">
      <properties>
[...]
</properties>

      <testcase classname="com.googlecode.jsendnsca.core.utils.EncryptionUtilsTest" name="shouldReturnTrueForNoOrXorEncryptionOnly" time="0.013" />

      <system-out />

      <system-err />

  </testsuite>
  <testsuite errors="0" failures="0" hostname="Raj.local" id="5" name="LevelUtilsTest" package="com.googlecode.jsendnsca.core.utils" tests="4" time="0.083" timestamp="2009-01-20T13:20:06">
      <properties>
[...]
</properties>

      <testcase classname="com.googlecode.jsendnsca.core.utils.LevelUtilsTest" name="shouldReturnIntegerLevelForStringEquivalentRegardlessOfCase" time="0.014" />

      <testcase classname="com.googlecode.jsendnsca.core.utils.LevelUtilsTest" name="shouldThrowIllegalArgumentExceptionForInvalidLevel" time="0.0010" />

      <testcase classname="com.googlecode.jsendnsca.core.utils.LevelUtilsTest" name="shouldThrowIllegalArgumentExceptionForNullLevel" time="0.0" />

      <testcase classname="com.googlecode.jsendnsca.core.utils.LevelUtilsTest" name="shouldThrowIllegalArgumentExceptionForEmptyLevel" time="0.0010" />

      <system-out />

      <system-err />

  </testsuite>
  <testsuite errors="0" failures="0" hostname="Raj.local" id="6" name="StringUtilsTest" package="com.googlecode.jsendnsca.core.utils" tests="2" time="0.079" timestamp="2009-01-20T13:20:08">
      <properties>
[...]
</properties>

      <testcase classname="com.googlecode.jsendnsca.core.utils.StringUtilsTest" name="shouldReturnTrueForIsBlankWithNullEmptyAndWhitespaceStrings" time="0.013" />

      <testcase classname="com.googlecode.jsendnsca.core.utils.StringUtilsTest" name="shouldReturnFalseForIsNotBlankWithNullEmptyAndWhitespaceStrings" time="0.0" />

      <system-out />

      <system-err />

  </testsuite>
</testsuites>
